<?xml version="1.0" encoding="UTF-8"?>
<testng-results skipped="0" failed="0" total="1" passed="1">
  <reporter-output>
  </reporter-output>
  <suite name="Suite" duration-ms="19980" started-at="2018-04-26T07:03:40Z" finished-at="2018-04-26T07:04:00Z">
    <groups>
    </groups>
    <test name="Test" duration-ms="19980" started-at="2018-04-26T07:03:40Z" finished-at="2018-04-26T07:04:00Z">
      <class name="com.actitime.projcust.CreateCustProject">
        <test-method status="PASS" signature="beforeClass()[pri:0, instance:com.actitime.projcust.CreateCustProject@ae45eb6]" name="beforeClass" is-config="true" duration-ms="9841" started-at="2018-04-26T12:33:40Z" finished-at="2018-04-26T12:33:50Z">
          <reporter-output>
          </reporter-output>
        </test-method> <!-- beforeClass -->
        <test-method status="PASS" signature="beforeMethod()[pri:0, instance:com.actitime.projcust.CreateCustProject@ae45eb6]" name="beforeMethod" is-config="true" duration-ms="2950" started-at="2018-04-26T12:33:50Z" finished-at="2018-04-26T12:33:53Z">
          <reporter-output>
          </reporter-output>
        </test-method> <!-- beforeMethod -->
        <test-method status="PASS" signature="CreateCustomer()[pri:0, instance:com.actitime.projcust.CreateCustProject@ae45eb6]" name="CreateCustomer" duration-ms="6191" started-at="2018-04-26T12:33:53Z" finished-at="2018-04-26T12:33:59Z">
          <reporter-output>
          </reporter-output>
        </test-method> <!-- CreateCustomer -->
        <test-method status="PASS" signature="afterMethod()[pri:0, instance:com.actitime.projcust.CreateCustProject@ae45eb6]" name="afterMethod" is-config="true" duration-ms="298" started-at="2018-04-26T12:33:59Z" finished-at="2018-04-26T12:34:00Z">
          <reporter-output>
          </reporter-output>
        </test-method> <!-- afterMethod -->
        <test-method status="PASS" signature="afterClass()[pri:0, instance:com.actitime.projcust.CreateCustProject@ae45eb6]" name="afterClass" is-config="true" duration-ms="671" started-at="2018-04-26T12:34:00Z" finished-at="2018-04-26T12:34:00Z">
          <reporter-output>
          </reporter-output>
        </test-method> <!-- afterClass -->
      </class> <!-- com.actitime.projcust.CreateCustProject -->
    </test> <!-- Test -->
  </suite> <!-- Suite -->
</testng-results>
