<?xml version="1.0" encoding="UTF-8"?>
<!-- Generated by org.testng.reporters.JUnitXMLReporter -->
<testsuite hostname="Subrat-PC" name="Test1" tests="3" failures="0" timestamp="7 Apr 2018 07:57:05 GMT" time="70.876" errors="0">
  <testcase name="cretCust" time="5.779" classname="com.actitime.projcust.ProjCustTest"/>
  <testcase name="modifyCust" time="7.356" classname="com.actitime.projcust.ProjCustTest"/>
  <testcase name="deletCust" time="6.247" classname="com.actitime.projcust.ProjCustTest"/>
</testsuite> <!-- Test1 -->
